2025-07-15 20:18:45,839 - INFO - Starting YOLO object detection process...
2025-07-15 20:18:50,177 - INFO - YOLO model 'yolov8n.pt' loaded successfully.
2025-07-15 20:18:50,437 - INFO - Successfully connected to the database.
2025-07-15 20:18:50,442 - INFO - Created raw.image_detections table successfully.
2025-07-15 20:18:50,447 - INFO - Found 0 images already processed.
2025-07-15 20:18:50,991 - INFO - Found 167 new images to process.
2025-07-15 20:20:04,612 - INFO - No objects detected in Chemed_10.jpg.
2025-07-15 20:20:04,613 - INFO - Processed Chemed_10.jpg with 0 detections.
2025-07-15 20:20:05,175 - INFO - Processed Chemed_11.jpg with 1 detections.
2025-07-15 20:20:05,484 - INFO - Processed Chemed_13.jpg with 6 detections.
2025-07-15 20:20:05,733 - INFO - No objects detected in Chemed_14.jpg.
2025-07-15 20:20:05,734 - INFO - Processed Chemed_14.jpg with 0 detections.
2025-07-15 20:20:05,977 - INFO - No objects detected in Chemed_15.jpg.
2025-07-15 20:20:05,978 - INFO - Processed Chemed_15.jpg with 0 detections.
2025-07-15 20:20:06,176 - INFO - Processed Chemed_17.jpg with 11 detections.
2025-07-15 20:20:06,398 - INFO - No objects detected in Chemed_18.jpg.
2025-07-15 20:20:06,399 - INFO - Processed Chemed_18.jpg with 0 detections.
2025-07-15 20:20:06,628 - INFO - Processed Chemed_19.jpg with 4 detections.
2025-07-15 20:20:06,837 - INFO - Processed Chemed_2.jpg with 1 detections.
2025-07-15 20:20:07,155 - INFO - Processed Chemed_20.jpg with 4 detections.
2025-07-15 20:20:07,752 - INFO - Processed Chemed_21.jpg with 1 detections.
2025-07-15 20:20:07,979 - INFO - Processed Chemed_22.jpg with 1 detections.
2025-07-15 20:20:08,214 - INFO - Processed Chemed_23.jpg with 1 detections.
2025-07-15 20:20:08,470 - INFO - Processed Chemed_25.jpg with 2 detections.
2025-07-15 20:20:08,715 - INFO - Processed Chemed_26.jpg with 4 detections.
2025-07-15 20:20:08,920 - INFO - No objects detected in Chemed_27.jpg.
2025-07-15 20:20:08,921 - INFO - Processed Chemed_27.jpg with 0 detections.
2025-07-15 20:20:09,148 - INFO - Processed Chemed_29.jpg with 4 detections.
2025-07-15 20:20:09,381 - INFO - No objects detected in Chemed_3.jpg.
2025-07-15 20:20:09,383 - INFO - Processed Chemed_3.jpg with 0 detections.
2025-07-15 20:20:09,608 - INFO - Processed Chemed_30.jpg with 1 detections.
2025-07-15 20:20:09,952 - INFO - Processed Chemed_31.jpg with 11 detections.
2025-07-15 20:20:10,176 - INFO - Processed Chemed_32.jpg with 1 detections.
2025-07-15 20:20:10,390 - INFO - Processed Chemed_33.jpg with 3 detections.
2025-07-15 20:20:10,607 - INFO - No objects detected in Chemed_34.jpg.
2025-07-15 20:20:10,608 - INFO - Processed Chemed_34.jpg with 0 detections.
2025-07-15 20:20:10,887 - INFO - No objects detected in Chemed_38.jpg.
2025-07-15 20:20:10,888 - INFO - Processed Chemed_38.jpg with 0 detections.
2025-07-15 20:20:11,164 - INFO - Processed Chemed_39.jpg with 8 detections.
2025-07-15 20:20:11,415 - INFO - Processed Chemed_40.jpg with 10 detections.
2025-07-15 20:20:11,696 - INFO - Processed Chemed_41.jpg with 1 detections.
2025-07-15 20:20:11,974 - INFO - Processed Chemed_43.jpg with 2 detections.
2025-07-15 20:20:12,187 - INFO - Processed Chemed_44.jpg with 2 detections.
2025-07-15 20:20:12,438 - INFO - Processed Chemed_45.jpg with 1 detections.
2025-07-15 20:20:12,734 - INFO - Processed Chemed_46.jpg with 3 detections.
2025-07-15 20:20:12,995 - INFO - No objects detected in Chemed_48.jpg.
2025-07-15 20:20:12,995 - INFO - Processed Chemed_48.jpg with 0 detections.
2025-07-15 20:20:13,259 - INFO - Processed Chemed_49.jpg with 4 detections.
2025-07-15 20:20:13,510 - INFO - Processed Chemed_50.jpg with 1 detections.
2025-07-15 20:20:13,755 - INFO - Processed Chemed_52.jpg with 6 detections.
2025-07-15 20:20:13,990 - INFO - Processed Chemed_53.jpg with 1 detections.
2025-07-15 20:20:14,831 - INFO - Processed Chemed_55.jpg with 1 detections.
2025-07-15 20:20:15,411 - INFO - Processed Chemed_56.jpg with 1 detections.
2025-07-15 20:20:16,278 - INFO - Processed Chemed_58.jpg with 1 detections.
2025-07-15 20:20:16,749 - INFO - Processed Chemed_59.jpg with 1 detections.
2025-07-15 20:20:17,600 - INFO - No objects detected in Chemed_60.jpg.
2025-07-15 20:20:17,601 - INFO - Processed Chemed_60.jpg with 0 detections.
2025-07-15 20:20:18,893 - INFO - Processed Chemed_64.jpg with 4 detections.
2025-07-15 20:20:19,276 - INFO - Processed Chemed_67.jpg with 2 detections.
2025-07-15 20:20:19,478 - INFO - Processed Chemed_70.jpg with 3 detections.
2025-07-15 20:20:19,669 - INFO - Processed Chemed_71.jpg with 2 detections.
2025-07-15 20:20:19,960 - INFO - No objects detected in Chemed_74.jpg.
2025-07-15 20:20:19,962 - INFO - Processed Chemed_74.jpg with 0 detections.
2025-07-15 20:20:20,657 - INFO - Processed Chemed_75.jpg with 1 detections.
2025-07-15 20:20:20,850 - INFO - Processed Chemed_76.jpg with 3 detections.
2025-07-15 20:20:21,427 - INFO - Processed Chemed_77.jpg with 4 detections.
2025-07-15 20:20:21,639 - INFO - Processed Chemed_78.jpg with 2 detections.
2025-07-15 20:20:21,951 - INFO - No objects detected in Chemed_79.jpg.
2025-07-15 20:20:21,951 - INFO - Processed Chemed_79.jpg with 0 detections.
2025-07-15 20:20:22,159 - INFO - Processed Chemed_80.jpg with 3 detections.
2025-07-15 20:20:22,477 - INFO - Processed Chemed_81.jpg with 5 detections.
2025-07-15 20:20:22,780 - INFO - Processed Chemed_82.jpg with 4 detections.
2025-07-15 20:20:23,456 - INFO - No objects detected in Chemed_85.jpg.
2025-07-15 20:20:23,456 - INFO - Processed Chemed_85.jpg with 0 detections.
2025-07-15 20:20:23,754 - INFO - Processed Chemed_86.jpg with 2 detections.
2025-07-15 20:20:24,330 - INFO - Processed Chemed_87.jpg with 1 detections.
2025-07-15 20:20:25,336 - INFO - No objects detected in Chemed_88.jpg.
2025-07-15 20:20:25,338 - INFO - Processed Chemed_88.jpg with 0 detections.
2025-07-15 20:20:25,607 - INFO - Processed Chemed_9.jpg with 1 detections.
2025-07-15 20:20:26,030 - INFO - Processed Chemed_90.jpg with 1 detections.
2025-07-15 20:20:26,976 - INFO - No objects detected in Chemed_91.jpg.
2025-07-15 20:20:26,977 - INFO - Processed Chemed_91.jpg with 0 detections.
2025-07-15 20:20:27,605 - INFO - No objects detected in Chemed_92.jpg.
2025-07-15 20:20:27,606 - INFO - Processed Chemed_92.jpg with 0 detections.
2025-07-15 20:20:28,299 - INFO - Processed Chemed_93.jpg with 1 detections.
2025-07-15 20:20:28,655 - INFO - Processed Chemed_94.jpg with 3 detections.
2025-07-15 20:20:28,926 - INFO - Processed Chemed_95.jpg with 2 detections.
2025-07-15 20:20:29,201 - INFO - Processed Chemed_96.jpg with 1 detections.
2025-07-15 20:20:29,500 - INFO - No objects detected in Chemed_97.jpg.
2025-07-15 20:20:29,500 - INFO - Processed Chemed_97.jpg with 0 detections.
2025-07-15 20:20:29,810 - INFO - Processed Lobelia4Cosmetics_18435.jpg with 1 detections.
2025-07-15 20:20:30,976 - INFO - Processed Lobelia4Cosmetics_18436.jpg with 1 detections.
2025-07-15 20:20:31,320 - INFO - No objects detected in Lobelia4Cosmetics_18437.jpg.
2025-07-15 20:20:31,321 - INFO - Processed Lobelia4Cosmetics_18437.jpg with 0 detections.
2025-07-15 20:20:31,857 - INFO - No objects detected in Lobelia4Cosmetics_18438.jpg.
2025-07-15 20:20:31,857 - INFO - Processed Lobelia4Cosmetics_18438.jpg with 0 detections.
2025-07-15 20:20:32,148 - INFO - No objects detected in Lobelia4Cosmetics_18439.jpg.
2025-07-15 20:20:32,149 - INFO - Processed Lobelia4Cosmetics_18439.jpg with 0 detections.
2025-07-15 20:20:32,538 - INFO - Processed Lobelia4Cosmetics_18440.jpg with 1 detections.
2025-07-15 20:20:32,891 - INFO - No objects detected in Lobelia4Cosmetics_18441.jpg.
2025-07-15 20:20:32,891 - INFO - Processed Lobelia4Cosmetics_18441.jpg with 0 detections.
2025-07-15 20:20:33,121 - INFO - Processed Lobelia4Cosmetics_18442.jpg with 2 detections.
2025-07-15 20:20:33,360 - INFO - Processed Lobelia4Cosmetics_18443.jpg with 1 detections.
2025-07-15 20:20:33,597 - INFO - Processed Lobelia4Cosmetics_18444.jpg with 1 detections.
2025-07-15 20:20:34,184 - INFO - No objects detected in Lobelia4Cosmetics_18445.jpg.
2025-07-15 20:20:34,190 - INFO - Processed Lobelia4Cosmetics_18445.jpg with 0 detections.
2025-07-15 20:20:34,797 - INFO - Processed Lobelia4Cosmetics_18446.jpg with 1 detections.
2025-07-15 20:20:35,322 - INFO - Processed Lobelia4Cosmetics_18448.jpg with 1 detections.
2025-07-15 20:20:35,525 - INFO - No objects detected in Lobelia4Cosmetics_18449.jpg.
2025-07-15 20:20:35,526 - INFO - Processed Lobelia4Cosmetics_18449.jpg with 0 detections.
2025-07-15 20:20:35,767 - INFO - Processed Lobelia4Cosmetics_18450.jpg with 1 detections.
2025-07-15 20:20:36,025 - INFO - No objects detected in Lobelia4Cosmetics_18451.jpg.
2025-07-15 20:20:36,025 - INFO - Processed Lobelia4Cosmetics_18451.jpg with 0 detections.
2025-07-15 20:20:36,298 - INFO - Processed Lobelia4Cosmetics_18452.jpg with 1 detections.
2025-07-15 20:20:36,533 - INFO - No objects detected in Lobelia4Cosmetics_18453.jpg.
2025-07-15 20:20:36,534 - INFO - Processed Lobelia4Cosmetics_18453.jpg with 0 detections.
2025-07-15 20:20:36,750 - INFO - Processed Lobelia4Cosmetics_18454.jpg with 2 detections.
2025-07-15 20:20:37,285 - INFO - Processed Lobelia4Cosmetics_18455.jpg with 2 detections.
2025-07-15 20:20:37,549 - INFO - Processed Lobelia4Cosmetics_18456.jpg with 1 detections.
2025-07-15 20:20:38,109 - INFO - Processed Lobelia4Cosmetics_18457.jpg with 4 detections.
2025-07-15 20:20:38,325 - INFO - Processed Lobelia4Cosmetics_18458.jpg with 5 detections.
2025-07-15 20:20:38,648 - INFO - No objects detected in Lobelia4Cosmetics_18459.jpg.
2025-07-15 20:20:38,649 - INFO - Processed Lobelia4Cosmetics_18459.jpg with 0 detections.
2025-07-15 20:20:38,852 - INFO - Processed Lobelia4Cosmetics_18460.jpg with 1 detections.
2025-07-15 20:20:39,057 - INFO - Processed Lobelia4Cosmetics_18461.jpg with 1 detections.
2025-07-15 20:20:39,424 - INFO - Processed Lobelia4Cosmetics_18462.jpg with 1 detections.
2025-07-15 20:20:39,667 - INFO - No objects detected in Lobelia4Cosmetics_18463.jpg.
2025-07-15 20:20:39,669 - INFO - Processed Lobelia4Cosmetics_18463.jpg with 0 detections.
2025-07-15 20:20:40,254 - INFO - No objects detected in Lobelia4Cosmetics_18464.jpg.
2025-07-15 20:20:40,255 - INFO - Processed Lobelia4Cosmetics_18464.jpg with 0 detections.
2025-07-15 20:20:40,532 - INFO - No objects detected in Lobelia4Cosmetics_18465.jpg.
2025-07-15 20:20:40,533 - INFO - Processed Lobelia4Cosmetics_18465.jpg with 0 detections.
2025-07-15 20:20:40,965 - INFO - Processed Lobelia4Cosmetics_18466.jpg with 1 detections.
2025-07-15 20:20:41,236 - INFO - Processed Lobelia4Cosmetics_18467.jpg with 1 detections.
2025-07-15 20:20:41,441 - INFO - Processed Lobelia4Cosmetics_18468.jpg with 3 detections.
2025-07-15 20:20:41,642 - INFO - No objects detected in Lobelia4Cosmetics_18469.jpg.
2025-07-15 20:20:41,643 - INFO - Processed Lobelia4Cosmetics_18469.jpg with 0 detections.
2025-07-15 20:20:41,882 - INFO - No objects detected in Lobelia4Cosmetics_18470.jpg.
2025-07-15 20:20:41,882 - INFO - Processed Lobelia4Cosmetics_18470.jpg with 0 detections.
2025-07-15 20:20:42,148 - INFO - No objects detected in Lobelia4Cosmetics_18471.jpg.
2025-07-15 20:20:42,149 - INFO - Processed Lobelia4Cosmetics_18471.jpg with 0 detections.
2025-07-15 20:20:42,682 - INFO - No objects detected in Lobelia4Cosmetics_18472.jpg.
2025-07-15 20:20:42,683 - INFO - Processed Lobelia4Cosmetics_18472.jpg with 0 detections.
2025-07-15 20:20:42,925 - INFO - No objects detected in Lobelia4Cosmetics_18473.jpg.
2025-07-15 20:20:42,925 - INFO - Processed Lobelia4Cosmetics_18473.jpg with 0 detections.
2025-07-15 20:20:43,249 - INFO - Processed Lobelia4Cosmetics_18474.jpg with 2 detections.
2025-07-15 20:20:43,519 - INFO - Processed Lobelia4Cosmetics_18475.jpg with 1 detections.
2025-07-15 20:20:43,770 - INFO - Processed Lobelia4Cosmetics_18476.jpg with 2 detections.
2025-07-15 20:20:43,989 - INFO - No objects detected in Lobelia4Cosmetics_18477.jpg.
2025-07-15 20:20:43,991 - INFO - Processed Lobelia4Cosmetics_18477.jpg with 0 detections.
2025-07-15 20:20:44,791 - INFO - Processed Lobelia4Cosmetics_18478.jpg with 1 detections.
2025-07-15 20:20:45,474 - INFO - No objects detected in Lobelia4Cosmetics_18479.jpg.
2025-07-15 20:20:45,475 - INFO - Processed Lobelia4Cosmetics_18479.jpg with 0 detections.
2025-07-15 20:20:45,708 - INFO - Processed Lobelia4Cosmetics_18480.jpg with 1 detections.
2025-07-15 20:20:45,972 - INFO - No objects detected in Lobelia4Cosmetics_18481.jpg.
2025-07-15 20:20:45,972 - INFO - Processed Lobelia4Cosmetics_18481.jpg with 0 detections.
2025-07-15 20:20:46,191 - INFO - Processed Lobelia4Cosmetics_18482.jpg with 1 detections.
2025-07-15 20:20:46,469 - INFO - No objects detected in Lobelia4Cosmetics_18483.jpg.
2025-07-15 20:20:46,470 - INFO - Processed Lobelia4Cosmetics_18483.jpg with 0 detections.
2025-07-15 20:20:46,701 - INFO - No objects detected in Lobelia4Cosmetics_18484.jpg.
2025-07-15 20:20:46,702 - INFO - Processed Lobelia4Cosmetics_18484.jpg with 0 detections.
2025-07-15 20:20:46,910 - INFO - Processed Lobelia4Cosmetics_18485.jpg with 3 detections.
2025-07-15 20:20:47,120 - INFO - Processed Lobelia4Cosmetics_18486.jpg with 1 detections.
2025-07-15 20:20:47,575 - INFO - Processed Lobelia4Cosmetics_18487.jpg with 1 detections.
2025-07-15 20:20:47,861 - INFO - Processed Lobelia4Cosmetics_18488.jpg with 1 detections.
2025-07-15 20:20:48,549 - INFO - Processed Lobelia4Cosmetics_18489.jpg with 1 detections.
2025-07-15 20:20:48,846 - INFO - Processed Lobelia4Cosmetics_18490.jpg with 1 detections.
2025-07-15 20:20:49,077 - INFO - Processed Lobelia4Cosmetics_18491.jpg with 1 detections.
2025-07-15 20:20:49,350 - INFO - Processed Lobelia4Cosmetics_18492.jpg with 1 detections.
2025-07-15 20:20:49,649 - INFO - No objects detected in Lobelia4Cosmetics_18493.jpg.
2025-07-15 20:20:49,650 - INFO - Processed Lobelia4Cosmetics_18493.jpg with 0 detections.
2025-07-15 20:20:49,911 - INFO - Processed Lobelia4Cosmetics_18494.jpg with 1 detections.
2025-07-15 20:20:50,512 - INFO - Processed Lobelia4Cosmetics_18495.jpg with 2 detections.
2025-07-15 20:20:51,695 - INFO - No objects detected in Lobelia4Cosmetics_18496.jpg.
2025-07-15 20:20:51,697 - INFO - Processed Lobelia4Cosmetics_18496.jpg with 0 detections.
2025-07-15 20:20:52,465 - INFO - No objects detected in Lobelia4Cosmetics_18497.jpg.
2025-07-15 20:20:52,465 - INFO - Processed Lobelia4Cosmetics_18497.jpg with 0 detections.
2025-07-15 20:20:52,744 - INFO - Processed Lobelia4Cosmetics_18498.jpg with 1 detections.
2025-07-15 20:20:53,148 - INFO - Processed Lobelia4Cosmetics_18499.jpg with 1 detections.
2025-07-15 20:20:53,437 - INFO - No objects detected in Lobelia4Cosmetics_18500.jpg.
2025-07-15 20:20:53,439 - INFO - Processed Lobelia4Cosmetics_18500.jpg with 0 detections.
2025-07-15 20:20:54,119 - INFO - Processed Lobelia4Cosmetics_18501.jpg with 2 detections.
2025-07-15 20:20:54,508 - INFO - Processed Lobelia4Cosmetics_18502.jpg with 2 detections.
2025-07-15 20:20:54,746 - INFO - Processed Lobelia4Cosmetics_18503.jpg with 1 detections.
2025-07-15 20:20:55,021 - INFO - Processed Lobelia4Cosmetics_18504.jpg with 4 detections.
2025-07-15 20:20:55,295 - INFO - Processed Lobelia4Cosmetics_18505.jpg with 5 detections.
2025-07-15 20:20:55,521 - INFO - Processed Lobelia4Cosmetics_18506.jpg with 1 detections.
2025-07-15 20:20:55,792 - INFO - Processed Lobelia4Cosmetics_18507.jpg with 2 detections.
2025-07-15 20:20:56,138 - INFO - No objects detected in Lobelia4Cosmetics_18508.jpg.
2025-07-15 20:20:56,140 - INFO - Processed Lobelia4Cosmetics_18508.jpg with 0 detections.
2025-07-15 20:20:56,473 - INFO - Processed Lobelia4Cosmetics_18509.jpg with 1 detections.
2025-07-15 20:20:56,805 - INFO - No objects detected in Lobelia4Cosmetics_18510.jpg.
2025-07-15 20:20:56,806 - INFO - Processed Lobelia4Cosmetics_18510.jpg with 0 detections.
2025-07-15 20:20:57,111 - INFO - Processed Lobelia4Cosmetics_18511.jpg with 1 detections.
2025-07-15 20:20:57,502 - INFO - No objects detected in Lobelia4Cosmetics_18512.jpg.
2025-07-15 20:20:57,503 - INFO - Processed Lobelia4Cosmetics_18512.jpg with 0 detections.
2025-07-15 20:20:58,092 - INFO - No objects detected in Lobelia4Cosmetics_18513.jpg.
2025-07-15 20:20:58,093 - INFO - Processed Lobelia4Cosmetics_18513.jpg with 0 detections.
2025-07-15 20:20:58,697 - INFO - Processed Lobelia4Cosmetics_18514.jpg with 1 detections.
2025-07-15 20:20:58,989 - INFO - Processed Lobelia4Cosmetics_18515.jpg with 1 detections.
2025-07-15 20:20:59,332 - INFO - No objects detected in Lobelia4Cosmetics_18516.jpg.
2025-07-15 20:20:59,333 - INFO - Processed Lobelia4Cosmetics_18516.jpg with 0 detections.
2025-07-15 20:20:59,714 - INFO - No objects detected in Lobelia4Cosmetics_18517.jpg.
2025-07-15 20:20:59,717 - INFO - Processed Lobelia4Cosmetics_18517.jpg with 0 detections.
2025-07-15 20:21:01,213 - INFO - Processed Lobelia4Cosmetics_18518.jpg with 1 detections.
2025-07-15 20:21:01,794 - INFO - No objects detected in Lobelia4Cosmetics_18519.jpg.
2025-07-15 20:21:01,795 - INFO - Processed Lobelia4Cosmetics_18519.jpg with 0 detections.
2025-07-15 20:21:02,215 - INFO - No objects detected in Lobelia4Cosmetics_18520.jpg.
2025-07-15 20:21:02,215 - INFO - Processed Lobelia4Cosmetics_18520.jpg with 0 detections.
2025-07-15 20:21:02,593 - INFO - Processed Lobelia4Cosmetics_18521.jpg with 1 detections.
2025-07-15 20:21:02,927 - INFO - Processed Lobelia4Cosmetics_18522.jpg with 1 detections.
2025-07-15 20:21:03,199 - INFO - No objects detected in Lobelia4Cosmetics_18523.jpg.
2025-07-15 20:21:03,200 - INFO - Processed Lobelia4Cosmetics_18523.jpg with 0 detections.
2025-07-15 20:21:03,402 - INFO - Processed Lobelia4Cosmetics_18524.jpg with 1 detections.
2025-07-15 20:21:03,977 - INFO - No objects detected in Lobelia4Cosmetics_18525.jpg.
2025-07-15 20:21:03,981 - INFO - Processed Lobelia4Cosmetics_18525.jpg with 0 detections.
2025-07-15 20:21:04,322 - INFO - Processed Lobelia4Cosmetics_18526.jpg with 1 detections.
2025-07-15 20:21:04,746 - INFO - Processed Lobelia4Cosmetics_18527.jpg with 1 detections.
2025-07-15 20:21:05,094 - INFO - No objects detected in Lobelia4Cosmetics_18528.jpg.
2025-07-15 20:21:05,095 - INFO - Processed Lobelia4Cosmetics_18528.jpg with 0 detections.
2025-07-15 20:21:05,599 - INFO - No objects detected in Lobelia4Cosmetics_18529.jpg.
2025-07-15 20:21:05,603 - INFO - Processed Lobelia4Cosmetics_18529.jpg with 0 detections.
2025-07-15 20:21:06,343 - INFO - Processed Lobelia4Cosmetics_18530.jpg with 1 detections.
2025-07-15 20:21:06,720 - INFO - No objects detected in Lobelia4Cosmetics_18531.jpg.
2025-07-15 20:21:06,721 - INFO - Processed Lobelia4Cosmetics_18531.jpg with 0 detections.
2025-07-15 20:21:06,952 - INFO - Processed Lobelia4Cosmetics_18532.jpg with 1 detections.
2025-07-15 20:21:08,065 - INFO - No objects detected in Lobelia4Cosmetics_18533.jpg.
2025-07-15 20:21:08,078 - INFO - Processed Lobelia4Cosmetics_18533.jpg with 0 detections.
2025-07-15 20:21:08,693 - INFO - Processed Lobelia4Cosmetics_18534.jpg with 2 detections.
2025-07-15 20:21:09,514 - INFO - Processed Lobelia4Cosmetics_18535.jpg with 1 detections.
2025-07-15 20:21:09,746 - INFO - Inserted 1 detection results into raw.image_detections.
2025-07-15 20:21:09,754 - INFO - Database connection closed.
